{
  "Cucumber Features": {
    "coverage": {
      "/home/ubuntu/Documents/mosta3mal/app/controllers/application_controller.rb": [
        1,
        1,
        null
      ],
      "/home/ubuntu/Documents/mosta3mal/app/helpers/application_helper.rb": [
        1,
        null
      ],
      "/home/ubuntu/Documents/mosta3mal/app/helpers/cars_helper.rb": [
        1,
        null
      ],
      "/home/ubuntu/Documents/mosta3mal/app/helpers/home_helper.rb": [
        1,
        null
      ],
      "/home/ubuntu/Documents/mosta3mal/app/helpers/owners_helper.rb": [
        1,
        null
      ],
      "/home/ubuntu/Documents/mosta3mal/app/controllers/cars_controller.rb": [
        1,
        null,
        null,
        1,
        14,
        14,
        14,
        14,
        14,
        1,
        null,
        13,
        0,
        0,
        0,
        null,
        5,
        5,
        5,
        8,
        1,
        1,
        1,
        null,
        7,
        null,
        null,
        null,
        14,
        14,
        14,
        null,
        null,
        null,
        null,
        null,
        1,
        1,
        1,
        1,
        null,
        1,
        1,
        1,
        null,
        null,
        null,
        null,
        null,
        1,
        null,
        0,
        0,
        0,
        null,
        0,
        0,
        0,
        null,
        null,
        null,
        null,
        1,
        0,
        null,
        null,
        null,
        null,
        1,
        0,
        null,
        0,
        0,
        0,
        0,
        null,
        0,
        0,
        null,
        null,
        null,
        null,
        null,
        null,
        1,
        0,
        null,
        0,
        0,
        0,
        0,
        null,
        0,
        0,
        null,
        null,
        null,
        null,
        null,
        null,
        1,
        0,
        0,
        null,
        0,
        0,
        0,
        null,
        null,
        null
      ],
      "/home/ubuntu/Documents/mosta3mal/app/models/car.rb": [
        1,
        1,
        16,
        null,
        null,
        1,
        16,
        null,
        null,
        null,
        null
      ],
      "/home/ubuntu/Documents/mosta3mal/app/controllers/home_controller.rb": [
        1,
        1,
        null,
        null,
        null
      ],
      "/home/ubuntu/Documents/mosta3mal/app/controllers/owners_controller.rb": [
        1,
        null,
        null,
        1,
        1,
        1,
        null,
        null,
        1,
        1,
        1,
        null,
        0,
        null,
        1,
        1,
        1,
        null,
        null,
        null,
        null,
        null,
        1,
        0,
        null,
        0,
        0,
        0,
        null,
        null,
        null,
        null,
        null,
        1,
        0,
        null,
        0,
        0,
        0,
        null,
        null,
        null,
        null,
        1,
        0,
        null,
        null,
        null,
        null,
        1,
        0,
        null,
        0,
        0,
        0,
        0,
        null,
        0,
        0,
        null,
        null,
        null,
        null,
        null,
        null,
        1,
        0,
        null,
        0,
        0,
        0,
        0,
        null,
        0,
        0,
        null,
        null,
        null,
        null,
        null,
        null,
        1,
        0,
        0,
        null,
        0,
        0,
        0,
        null,
        null,
        null
      ],
      "/home/ubuntu/Documents/mosta3mal/app/models/owner.rb": [
        1,
        null
      ]
    },
    "timestamp": 1358637032
  },
  "RSpec": {
    "coverage": {
      "/home/ubuntu/Documents/mosta3mal/app/controllers/application_controller.rb": [
        1,
        1,
        null
      ],
      "/home/ubuntu/Documents/mosta3mal/app/helpers/application_helper.rb": [
        1,
        null
      ],
      "/home/ubuntu/Documents/mosta3mal/app/helpers/cars_helper.rb": [
        1,
        null
      ],
      "/home/ubuntu/Documents/mosta3mal/app/helpers/home_helper.rb": [
        1,
        null
      ],
      "/home/ubuntu/Documents/mosta3mal/app/helpers/owners_helper.rb": [
        1,
        null
      ],
      "/home/ubuntu/Documents/mosta3mal/app/controllers/cars_controller.rb": [
        1,
        null,
        null,
        1,
        5,
        5,
        5,
        5,
        5,
        1,
        null,
        4,
        1,
        1,
        1,
        null,
        1,
        1,
        1,
        2,
        1,
        1,
        1,
        null,
        1,
        null,
        null,
        null,
        5,
        5,
        5,
        null,
        null,
        null,
        null,
        null,
        1,
        1,
        1,
        1,
        null,
        1,
        1,
        1,
        null,
        null,
        null,
        null,
        null,
        1,
        null,
        0,
        0,
        0,
        null,
        0,
        0,
        0,
        null,
        null,
        null,
        null,
        1,
        0,
        null,
        null,
        null,
        null,
        1,
        0,
        null,
        0,
        0,
        0,
        0,
        null,
        0,
        0,
        null,
        null,
        null,
        null,
        null,
        null,
        1,
        0,
        null,
        0,
        0,
        0,
        0,
        null,
        0,
        0,
        null,
        null,
        null,
        null,
        null,
        null,
        1,
        0,
        0,
        null,
        0,
        0,
        0,
        null,
        null,
        null
      ],
      "/home/ubuntu/Documents/mosta3mal/app/models/car.rb": [
        1,
        1,
        6,
        null,
        null,
        1,
        6,
        null,
        null,
        null,
        null
      ],
      "/home/ubuntu/Documents/mosta3mal/app/controllers/home_controller.rb": [
        1,
        1,
        null,
        null,
        null
      ],
      "/home/ubuntu/Documents/mosta3mal/app/controllers/owners_controller.rb": [
        1,
        null,
        null,
        1,
        0,
        0,
        null,
        null,
        0,
        0,
        0,
        null,
        0,
        null,
        0,
        0,
        0,
        null,
        null,
        null,
        null,
        null,
        1,
        0,
        null,
        0,
        0,
        0,
        null,
        null,
        null,
        null,
        null,
        1,
        0,
        null,
        0,
        0,
        0,
        null,
        null,
        null,
        null,
        1,
        0,
        null,
        null,
        null,
        null,
        1,
        0,
        null,
        0,
        0,
        0,
        0,
        null,
        0,
        0,
        null,
        null,
        null,
        null,
        null,
        null,
        1,
        0,
        null,
        0,
        0,
        0,
        0,
        null,
        0,
        0,
        null,
        null,
        null,
        null,
        null,
        null,
        1,
        0,
        0,
        null,
        0,
        0,
        0,
        null,
        null,
        null
      ],
      "/home/ubuntu/Documents/mosta3mal/app/models/owner.rb": [
        1,
        null
      ]
    },
    "timestamp": 1358638240
  }
}
